<?xml version="1.0" encoding="UTF-8"?>
<!-- Generated by org.testng.reporters.JUnitReportReporter -->
<testsuite hostname="LAPTOP-7Q67HLU8" failures="0" tests="2" name="ThhJffKgg" time="0.048" errors="0" timestamp="2023-08-11T09:50:00 IST" skipped="0">
  <testcase classname="ThhJffKgg" name="aa" time="0.048"/>
  <testcase classname="ThhJffKgg" name="hjj" time="0.000"/>
</testsuite> <!-- ThhJffKgg -->
